<?xml version="1.0" encoding="UTF-8"?>
<testsuite xmlns:xsi="http://www.w3.org/2001/XMLSchema-instance" xsi:noNamespaceSchemaLocation="https://maven.apache.org/surefire/maven-surefire-plugin/xsd/surefire-test-report.xsd" name="TestTrucksContainersAndBoxes" time="0.489" tests="6" errors="0" skipped="0" failures="6">
  <properties>
[...]
</properties>
  <testcase name="test325Boxes" classname="TestTrucksContainersAndBoxes" time="0.273">
    <failure message="expected: &lt;Грузовик: 1&#10;	Контейнер: 1&#10;		Ящик: 1&#10;		Ящик: 2&#10;		Ящик: 3&#10;		Ящик: 4&#10;		Ящик: 5&#10;		Ящик: 6&#10;		Ящик: 7&#10;		Ящик: 8&#10;		Ящик: 9&#10;		Ящик: 10&#10;		Ящик: 11&#10;		Ящик: 12&#10;		Ящик: 13&#10;		Ящик: 14&#10;		Ящик: 15&#10;		Ящик: 16&#10;		Ящик: 17&#10;		Ящик: 18&#10;		Ящик: 19&#10;		Ящик: 20&#10;		Ящик: 21&#10;		Ящик: 22&#10;		Ящик: 23&#10;		Ящик: 24&#10;		Ящик: 25&#10;		Ящик: 26&#10;		Ящик: 27&#10;	Контейнер: 2&#10;		Ящик: 28&#10;		Ящик: 29&#10;		Ящик: 30&#10;		Ящик: 31&#10;		Ящик: 32&#10;		Ящик: 33&#10;		Ящик: 34&#10;		Ящик: 35&#10;		Ящик: 36&#10;		Ящик: 37&#10;		Ящик: 38&#10;		Ящик: 39&#10;		Ящик: 40&#10;		Ящик: 41&#10;		Ящик: 42&#10;		Ящик: 43&#10;		Ящик: 44&#10;		Ящик: 45&#10;		Ящик: 46&#10;		Ящик: 47&#10;		Ящик: 48&#10;		Ящик: 49&#10;		Ящик: 50&#10;		Ящик: 51&#10;		Ящик: 52&#10;		Ящик: 53&#10;		Ящик: 54&#10;	Контейнер: 3&#10;		Ящик: 55&#10;		Ящик: 56&#10;		Ящик: 57&#10;		Ящик: 58&#10;		Ящик: 59&#10;		Ящик: 60&#10;		Ящик: 61&#10;		Ящик: 62&#10;		Ящик: 63&#10;		Ящик: 64&#10;		Ящик: 65&#10;		Ящик: 66&#10;		Ящик: 67&#10;		Ящик: 68&#10;		Ящик: 69&#10;		Ящик: 70&#10;		Ящик: 71&#10;		Ящик: 72&#10;		Ящик: 73&#10;		Ящик: 74&#10;		Ящик: 75&#10;		Ящик: 76&#10;		Ящик: 77&#10;		Ящик: 78&#10;		Ящик: 79&#10;		Ящик: 80&#10;		Ящик: 81&#10;	Контейнер: 4&#10;		Ящик: 82&#10;		Ящик: 83&#10;		Ящик: 84&#10;		Ящик: 85&#10;		Ящик: 86&#10;		Ящик: 87&#10;		Ящик: 88&#10;		Ящик: 89&#10;		Ящик: 90&#10;		Ящик: 91&#10;		Ящик: 92&#10;		Ящик: 93&#10;		Ящик: 94&#10;		Ящик: 95&#10;		Ящик: 96&#10;		Ящик: 97&#10;		Ящик: 98&#10;		Ящик: 99&#10;		Ящик: 100&#10;		Ящик: 101&#10;		Ящик: 102&#10;		Ящик: 103&#10;		Ящик: 104&#10;		Ящик: 105&#10;		Ящик: 106&#10;		Ящик: 107&#10;		Ящик: 108&#10;	Контейнер: 5&#10;		Ящик: 109&#10;		Ящик: 110&#10;		Ящик: 111&#10;		Ящик: 112&#10;		Ящик: 113&#10;		Ящик: 114&#10;		Ящик: 115&#10;		Ящик: 116&#10;		Ящик: 117&#10;		Ящик: 118&#10;		Ящик: 119&#10;		Ящик: 120&#10;		Ящик: 121&#10;		Ящик: 122&#10;		Ящик: 123&#10;		Ящик: 124&#10;		Ящик: 125&#10;		Ящик: 126&#10;		Ящик: 127&#10;		Ящик: 128&#10;		Ящик: 129&#10;		Ящик: 130&#10;		Ящик: 131&#10;		Ящик: 132&#10;		Ящик: 133&#10;		Ящик: 134&#10;		Ящик: 135&#10;	Контейнер: 6&#10;		Ящик: 136&#10;		Ящик: 137&#10;		Ящик: 138&#10;		Ящик: 139&#10;		Ящик: 140&#10;		Ящик: 141&#10;		Ящик: 142&#10;		Ящик: 143&#10;		Ящик: 144&#10;		Ящик: 145&#10;		Ящик: 146&#10;		Ящик: 147&#10;		Ящик: 148&#10;		Ящик: 149&#10;		Ящик: 150&#10;		Ящик: 151&#10;		Ящик: 152&#10;		Ящик: 153&#10;		Ящик: 154&#10;		Ящик: 155&#10;		Ящик: 156&#10;		Ящик: 157&#10;		Ящик: 158&#10;		Ящик: 159&#10;		Ящик: 160&#10;		Ящик: 161&#10;		Ящик: 162&#10;	Контейнер: 7&#10;		Ящик: 163&#10;		Ящик: 164&#10;		Ящик: 165&#10;		Ящик: 166&#10;		Ящик: 167&#10;		Ящик: 168&#10;		Ящик: 169&#10;		Ящик: 170&#10;		Ящик: 171&#10;		Ящик: 172&#10;		Ящик: 173&#10;		Ящик: 174&#10;		Ящик: 175&#10;		Ящик: 176&#10;		Ящик: 177&#10;		Ящик: 178&#10;		Ящик: 179&#10;		Ящик: 180&#10;		Ящик: 181&#10;		Ящик: 182&#10;		Ящик: 183&#10;		Ящик: 184&#10;		Ящик: 185&#10;		Ящик: 186&#10;		Ящик: 187&#10;		Ящик: 188&#10;		Ящик: 189&#10;	Контейнер: 8&#10;		Ящик: 190&#10;		Ящик: 191&#10;		Ящик: 192&#10;		Ящик: 193&#10;		Ящик: 194&#10;		Ящик: 195&#10;		Ящик: 196&#10;		Ящик: 197&#10;		Ящик: 198&#10;		Ящик: 199&#10;		Ящик: 200&#10;		Ящик: 201&#10;		Ящик: 202&#10;		Ящик: 203&#10;		Ящик: 204&#10;		Ящик: 205&#10;		Ящик: 206&#10;		Ящик: 207&#10;		Ящик: 208&#10;		Ящик: 209&#10;		Ящик: 210&#10;		Ящик: 211&#10;		Ящик: 212&#10;		Ящик: 213&#10;		Ящик: 214&#10;		Ящик: 215&#10;		Ящик: 216&#10;	Контейнер: 9&#10;		Ящик: 217&#10;		Ящик: 218&#10;		Ящик: 219&#10;		Ящик: 220&#10;		Ящик: 221&#10;		Ящик: 222&#10;		Ящик: 223&#10;		Ящик: 224&#10;		Ящик: 225&#10;		Ящик: 226&#10;		Ящик: 227&#10;		Ящик: 228&#10;		Ящик: 229&#10;		Ящик: 230&#10;		Ящик: 231&#10;		Ящик: 232&#10;		Ящик: 233&#10;		Ящик: 234&#10;		Ящик: 235&#10;		Ящик: 236&#10;		Ящик: 237&#10;		Ящик: 238&#10;		Ящик: 239&#10;		Ящик: 240&#10;		Ящик: 241&#10;		Ящик: 242&#10;		Ящик: 243&#10;	Контейнер: 10&#10;		Ящик: 244&#10;		Ящик: 245&#10;		Ящик: 246&#10;		Ящик: 247&#10;		Ящик: 248&#10;		Ящик: 249&#10;		Ящик: 250&#10;		Ящик: 251&#10;		Ящик: 252&#10;		Ящик: 253&#10;		Ящик: 254&#10;		Ящик: 255&#10;		Ящик: 256&#10;		Ящик: 257&#10;		Ящик: 258&#10;		Ящик: 259&#10;		Ящик: 260&#10;		Ящик: 261&#10;		Ящик: 262&#10;		Ящик: 263&#10;		Ящик: 264&#10;		Ящик: 265&#10;		Ящик: 266&#10;		Ящик: 267&#10;		Ящик: 268&#10;		Ящик: 269&#10;		Ящик: 270&#10;	Контейнер: 11&#10;		Ящик: 271&#10;		Ящик: 272&#10;		Ящик: 273&#10;		Ящик: 274&#10;		Ящик: 275&#10;		Ящик: 276&#10;		Ящик: 277&#10;		Ящик: 278&#10;		Ящик: 279&#10;		Ящик: 280&#10;		Ящик: 281&#10;		Ящик: 282&#10;		Ящик: 283&#10;		Ящик: 284&#10;		Ящик: 285&#10;		Ящик: 286&#10;		Ящик: 287&#10;		Ящик: 288&#10;		Ящик: 289&#10;		Ящик: 290&#10;		Ящик: 291&#10;		Ящик: 292&#10;		Ящик: 293&#10;		Ящик: 294&#10;		Ящик: 295&#10;		Ящик: 296&#10;		Ящик: 297&#10;	Контейнер: 12&#10;		Ящик: 298&#10;		Ящик: 299&#10;		Ящик: 300&#10;		Ящик: 301&#10;		Ящик: 302&#10;		Ящик: 303&#10;		Ящик: 304&#10;		Ящик: 305&#10;		Ящик: 306&#10;		Ящик: 307&#10;		Ящик: 308&#10;		Ящик: 309&#10;		Ящик: 310&#10;		Ящик: 311&#10;		Ящик: 312&#10;		Ящик: 313&#10;		Ящик: 314&#10;		Ящик: 315&#10;		Ящик: 316&#10;		Ящик: 317&#10;		Ящик: 318&#10;		Ящик: 319&#10;		Ящик: 320&#10;		Ящик: 321&#10;		Ящик: 322&#10;		Ящик: 323&#10;		Ящик: 324&#10;Грузовик: 2&#10;	Контейнер: 13&#10;		Ящик: 325&#10;Необходимо:&#10;грузовиков - 2 шт.&#10;контейнеров - 13 шт.&gt; but was: &lt;Грузовик: 1&#10;	Контейнер: 1&#10;		Ящик: 1&#10;		Ящик: 2&#10;		Ящик: 3&#10;		Ящик: 4&#10;		Ящик: 5&#10;		Ящик: 6&#10;		Ящик: 7&#10;		Ящик: 8&#10;		Ящик: 9&#10;		Ящик: 10&#10;		Ящик: 11&#10;		Ящик: 12&#10;		Ящик: 13&#10;		Ящик: 14&#10;		Ящик: 15&#10;		Ящик: 16&#10;		Ящик: 17&#10;		Ящик: 18&#10;		Ящик: 19&#10;		Ящик: 20&#10;		Ящик: 21&#10;		Ящик: 22&#10;		Ящик: 23&#10;		Ящик: 24&#10;		Ящик: 25&#10;		Ящик: 26&#10;		Ящик: 27&#10;	Контейнер: 2&#10;		Ящик: 28&#10;		Ящик: 29&#10;		Ящик: 30&#10;		Ящик: 31&#10;		Ящик: 32&#10;		Ящик: 33&#10;		Ящик: 34&#10;		Ящик: 35&#10;		Ящик: 36&#10;		Ящик: 37&#10;		Ящик: 38&#10;		Ящик: 39&#10;		Ящик: 40&#10;		Ящик: 41&#10;		Ящик: 42&#10;		Ящик: 43&#10;		Ящик: 44&#10;		Ящик: 45&#10;		Ящик: 46&#10;		Ящик: 47&#10;		Ящик: 48&#10;		Ящик: 49&#10;		Ящик: 50&#10;		Ящик: 51&#10;		Ящик: 52&#10;		Ящик: 53&#10;		Ящик: 54&#10;	Контейнер: 3&#10;		Ящик: 55&#10;		Ящик: 56&#10;		Ящик: 57&#10;		Ящик: 58&#10;		Ящик: 59&#10;		Ящик: 60&#10;		Ящик: 61&#10;		Ящик: 62&#10;		Ящик: 63&#10;		Ящик: 64&#10;		Ящик: 65&#10;		Ящик: 66&#10;		Ящик: 67&#10;		Ящик: 68&#10;		Ящик: 69&#10;		Ящик: 70&#10;		Ящик: 71&#10;		Ящик: 72&#10;		Ящик: 73&#10;		Ящик: 74&#10;		Ящик: 75&#10;		Ящик: 76&#10;		Ящик: 77&#10;		Ящик: 78&#10;		Ящик: 79&#10;		Ящик: 80&#10;		Ящик: 81&#10;	Контейнер: 4&#10;		Ящик: 82&#10;		Ящик: 83&#10;		Ящик: 84&#10;		Ящик: 85&#10;		Ящик: 86&#10;		Ящик: 87&#10;		Ящик: 88&#10;		Ящик: 89&#10;		Ящик: 90&#10;		Ящик: 91&#10;		Ящик: 92&#10;		Ящик: 93&#10;		Ящик: 94&#10;		Ящик: 95&#10;		Ящик: 96&#10;		Ящик: 97&#10;		Ящик: 98&#10;		Ящик: 99&#10;		Ящик: 100&#10;		Ящик: 101&#10;		Ящик: 102&#10;		Ящик: 103&#10;		Ящик: 104&#10;		Ящик: 105&#10;		Ящик: 106&#10;		Ящик: 107&#10;		Ящик: 108&#10;	Контейнер: 5&#10;		Ящик: 109&#10;		Ящик: 110&#10;		Ящик: 111&#10;		Ящик: 112&#10;		Ящик: 113&#10;		Ящик: 114&#10;		Ящик: 115&#10;		Ящик: 116&#10;		Ящик: 117&#10;		Ящик: 118&#10;		Ящик: 119&#10;		Ящик: 120&#10;		Ящик: 121&#10;		Ящик: 122&#10;		Ящик: 123&#10;		Ящик: 124&#10;		Ящик: 125&#10;		Ящик: 126&#10;		Ящик: 127&#10;		Ящик: 128&#10;		Ящик: 129&#10;		Ящик: 130&#10;		Ящик: 131&#10;		Ящик: 132&#10;		Ящик: 133&#10;		Ящик: 134&#10;		Ящик: 135&#10;	Контейнер: 6&#10;		Ящик: 136&#10;		Ящик: 137&#10;		Ящик: 138&#10;		Ящик: 139&#10;		Ящик: 140&#10;		Ящик: 141&#10;		Ящик: 142&#10;		Ящик: 143&#10;		Ящик: 144&#10;		Ящик: 145&#10;		Ящик: 146&#10;		Ящик: 147&#10;		Ящик: 148&#10;		Ящик: 149&#10;		Ящик: 150&#10;		Ящик: 151&#10;		Ящик: 152&#10;		Ящик: 153&#10;		Ящик: 154&#10;		Ящик: 155&#10;		Ящик: 156&#10;		Ящик: 157&#10;		Ящик: 158&#10;		Ящик: 159&#10;		Ящик: 160&#10;		Ящик: 161&#10;		Ящик: 162&#10;	Контейнер: 7&#10;		Ящик: 163&#10;		Ящик: 164&#10;		Ящик: 165&#10;		Ящик: 166&#10;		Ящик: 167&#10;		Ящик: 168&#10;		Ящик: 169&#10;		Ящик: 170&#10;		Ящик: 171&#10;		Ящик: 172&#10;		Ящик: 173&#10;		Ящик: 174&#10;		Ящик: 175&#10;		Ящик: 176&#10;		Ящик: 177&#10;		Ящик: 178&#10;		Ящик: 179&#10;		Ящик: 180&#10;		Ящик: 181&#10;		Ящик: 182&#10;		Ящик: 183&#10;		Ящик: 184&#10;		Ящик: 185&#10;		Ящик: 186&#10;		Ящик: 187&#10;		Ящик: 188&#10;		Ящик: 189&#10;	Контейнер: 8&#10;		Ящик: 190&#10;		Ящик: 191&#10;		Ящик: 192&#10;		Ящик: 193&#10;		Ящик: 194&#10;		Ящик: 195&#10;		Ящик: 196&#10;		Ящик: 197&#10;		Ящик: 198&#10;		Ящик: 199&#10;		Ящик: 200&#10;		Ящик: 201&#10;		Ящик: 202&#10;		Ящик: 203&#10;		Ящик: 204&#10;		Ящик: 205&#10;		Ящик: 206&#10;		Ящик: 207&#10;		Ящик: 208&#10;		Ящик: 209&#10;		Ящик: 210&#10;		Ящик: 211&#10;		Ящик: 212&#10;		Ящик: 213&#10;		Ящик: 214&#10;		Ящик: 215&#10;		Ящик: 216&#10;	Контейнер: 9&#10;		Ящик: 217&#10;		Ящик: 218&#10;		Ящик: 219&#10;		Ящик: 220&#10;		Ящик: 221&#10;		Ящик: 222&#10;		Ящик: 223&#10;		Ящик: 224&#10;		Ящик: 225&#10;		Ящик: 226&#10;		Ящик: 227&#10;		Ящик: 228&#10;		Ящик: 229&#10;		Ящик: 230&#10;		Ящик: 231&#10;		Ящик: 232&#10;		Ящик: 233&#10;		Ящик: 234&#10;		Ящик: 235&#10;		Ящик: 236&#10;		Ящик: 237&#10;		Ящик: 238&#10;		Ящик: 239&#10;		Ящик: 240&#10;		Ящик: 241&#10;		Ящик: 242&#10;		Ящик: 243&#10;	Контейнер: 10&#10;		Ящик: 244&#10;		Ящик: 245&#10;		Ящик: 246&#10;		Ящик: 247&#10;		Ящик: 248&#10;		Ящик: 249&#10;		Ящик: 250&#10;		Ящик: 251&#10;		Ящик: 252&#10;		Ящик: 253&#10;		Ящик: 254&#10;		Ящик: 255&#10;		Ящик: 256&#10;		Ящик: 257&#10;		Ящик: 258&#10;		Ящик: 259&#10;		Ящик: 260&#10;		Ящик: 261&#10;		Ящик: 262&#10;		Ящик: 263&#10;		Ящик: 264&#10;		Ящик: 265&#10;		Ящик: 266&#10;		Ящик: 267&#10;		Ящик: 268&#10;		Ящик: 269&#10;		Ящик: 270&#10;	Контейнер: 11&#10;		Ящик: 271&#10;		Ящик: 272&#10;		Ящик: 273&#10;		Ящик: 274&#10;		Ящик: 275&#10;		Ящик: 276&#10;		Ящик: 277&#10;		Ящик: 278&#10;		Ящик: 279&#10;		Ящик: 280&#10;		Ящик: 281&#10;		Ящик: 282&#10;		Ящик: 283&#10;		Ящик: 284&#10;		Ящик: 285&#10;		Ящик: 286&#10;		Ящик: 287&#10;		Ящик: 288&#10;		Ящик: 289&#10;		Ящик: 290&#10;		Ящик: 291&#10;		Ящик: 292&#10;		Ящик: 293&#10;		Ящик: 294&#10;		Ящик: 295&#10;		Ящик: 296&#10;		Ящик: 297&#10;	Контейнер: 12&#10;		Ящик: 298&#10;		Ящик: 299&#10;		Ящик: 300&#10;		Ящик: 301&#10;		Ящик: 302&#10;		Ящик: 303&#10;		Ящик: 304&#10;		Ящик: 305&#10;		Ящик: 306&#10;		Ящик: 307&#10;		Ящик: 308&#10;		Ящик: 309&#10;		Ящик: 310&#10;		Ящик: 311&#10;		Ящик: 312&#10;		Ящик: 313&#10;		Ящик: 314&#10;		Ящик: 315&#10;		Ящик: 316&#10;		Ящик: 317&#10;		Ящик: 318&#10;		Ящик: 319&#10;		Ящик: 320&#10;		Ящик: 321&#10;		Ящик: 322&#10;		Ящик: 323&#10;		Ящик: 324&#10;Грузовик: 2&#10;	Контейнер: 13&#10;		Ящик: 325&#10;Необходимо:&#10;грузовиков - 2 шт.&#10;контейнеров - 13 шт.&gt;" type="org.opentest4j.AssertionFailedError"><![CDATA[org.opentest4j.AssertionFailedError: 
expected: <Грузовик: 1
	Контейнер: 1
		Ящик: 1
		Ящик: 2
		Ящик: 3
		Ящик: 4
		Ящик: 5
		Ящик: 6
		Ящик: 7
		Ящик: 8
		Ящик: 9
		Ящик: 10
		Ящик: 11
		Ящик: 12
		Ящик: 13
		Ящик: 14
		Ящик: 15
		Ящик: 16
		Ящик: 17
		Ящик: 18
		Ящик: 19
		Ящик: 20
		Ящик: 21
		Ящик: 22
		Ящик: 23
		Ящик: 24
		Ящик: 25
		Ящик: 26
		Ящик: 27
	Контейнер: 2
		Ящик: 28
		Ящик: 29
		Ящик: 30
		Ящик: 31
		Ящик: 32
		Ящик: 33
		Ящик: 34
		Ящик: 35
		Ящик: 36
		Ящик: 37
		Ящик: 38
		Ящик: 39
		Ящик: 40
		Ящик: 41
		Ящик: 42
		Ящик: 43
		Ящик: 44
		Ящик: 45
		Ящик: 46
		Ящик: 47
		Ящик: 48
		Ящик: 49
		Ящик: 50
		Ящик: 51
		Ящик: 52
		Ящик: 53
		Ящик: 54
	Контейнер: 3
		Ящик: 55
		Ящик: 56
		Ящик: 57
		Ящик: 58
		Ящик: 59
		Ящик: 60
		Ящик: 61
		Ящик: 62
		Ящик: 63
		Ящик: 64
		Ящик: 65
		Ящик: 66
		Ящик: 67
		Ящик: 68
		Ящик: 69
		Ящик: 70
		Ящик: 71
		Ящик: 72
		Ящик: 73
		Ящик: 74
		Ящик: 75
		Ящик: 76
		Ящик: 77
		Ящик: 78
		Ящик: 79
		Ящик: 80
		Ящик: 81
	Контейнер: 4
		Ящик: 82
		Ящик: 83
		Ящик: 84
		Ящик: 85
		Ящик: 86
		Ящик: 87
		Ящик: 88
		Ящик: 89
		Ящик: 90
		Ящик: 91
		Ящик: 92
		Ящик: 93
		Ящик: 94
		Ящик: 95
		Ящик: 96
		Ящик: 97
		Ящик: 98
		Ящик: 99
		Ящик: 100
		Ящик: 101
		Ящик: 102
		Ящик: 103
		Ящик: 104
		Ящик: 105
		Ящик: 106
		Ящик: 107
		Ящик: 108
	Контейнер: 5
		Ящик: 109
		Ящик: 110
		Ящик: 111
		Ящик: 112
		Ящик: 113
		Ящик: 114
		Ящик: 115
		Ящик: 116
		Ящик: 117
		Ящик: 118
		Ящик: 119
		Ящик: 120
		Ящик: 121
		Ящик: 122
		Ящик: 123
		Ящик: 124
		Ящик: 125
		Ящик: 126
		Ящик: 127
		Ящик: 128
		Ящик: 129
		Ящик: 130
		Ящик: 131
		Ящик: 132
		Ящик: 133
		Ящик: 134
		Ящик: 135
	Контейнер: 6
		Ящик: 136
		Ящик: 137
		Ящик: 138
		Ящик: 139
		Ящик: 140
		Ящик: 141
		Ящик: 142
		Ящик: 143
		Ящик: 144
		Ящик: 145
		Ящик: 146
		Ящик: 147
		Ящик: 148
		Ящик: 149
		Ящик: 150
		Ящик: 151
		Ящик: 152
		Ящик: 153
		Ящик: 154
		Ящик: 155
		Ящик: 156
		Ящик: 157
		Ящик: 158
		Ящик: 159
		Ящик: 160
		Ящик: 161
		Ящик: 162
	Контейнер: 7
		Ящик: 163
		Ящик: 164
		Ящик: 165
		Ящик: 166
		Ящик: 167
		Ящик: 168
		Ящик: 169
		Ящик: 170
		Ящик: 171
		Ящик: 172
		Ящик: 173
		Ящик: 174
		Ящик: 175
		Ящик: 176
		Ящик: 177
		Ящик: 178
		Ящик: 179
		Ящик: 180
		Ящик: 181
		Ящик: 182
		Ящик: 183
		Ящик: 184
		Ящик: 185
		Ящик: 186
		Ящик: 187
		Ящик: 188
		Ящик: 189
	Контейнер: 8
		Ящик: 190
		Ящик: 191
		Ящик: 192
		Ящик: 193
		Ящик: 194
		Ящик: 195
		Ящик: 196
		Ящик: 197
		Ящик: 198
		Ящик: 199
		Ящик: 200
		Ящик: 201
		Ящик: 202
		Ящик: 203
		Ящик: 204
		Ящик: 205
		Ящик: 206
		Ящик: 207
		Ящик: 208
		Ящик: 209
		Ящик: 210
		Ящик: 211
		Ящик: 212
		Ящик: 213
		Ящик: 214
		Ящик: 215
		Ящик: 216
	Контейнер: 9
		Ящик: 217
		Ящик: 218
		Ящик: 219
		Ящик: 220
		Ящик: 221
		Ящик: 222
		Ящик: 223
		Ящик: 224
		Ящик: 225
		Ящик: 226
		Ящик: 227
		Ящик: 228
		Ящик: 229
		Ящик: 230
		Ящик: 231
		Ящик: 232
		Ящик: 233
		Ящик: 234
		Ящик: 235
		Ящик: 236
		Ящик: 237
		Ящик: 238
		Ящик: 239
		Ящик: 240
		Ящик: 241
		Ящик: 242
		Ящик: 243
	Контейнер: 10
		Ящик: 244
		Ящик: 245
		Ящик: 246
		Ящик: 247
		Ящик: 248
		Ящик: 249
		Ящик: 250
		Ящик: 251
		Ящик: 252
		Ящик: 253
		Ящик: 254
		Ящик: 255
		Ящик: 256
		Ящик: 257
		Ящик: 258
		Ящик: 259
		Ящик: 260
		Ящик: 261
		Ящик: 262
		Ящик: 263
		Ящик: 264
		Ящик: 265
		Ящик: 266
		Ящик: 267
		Ящик: 268
		Ящик: 269
		Ящик: 270
	Контейнер: 11
		Ящик: 271
		Ящик: 272
		Ящик: 273
		Ящик: 274
		Ящик: 275
		Ящик: 276
		Ящик: 277
		Ящик: 278
		Ящик: 279
		Ящик: 280
		Ящик: 281
		Ящик: 282
		Ящик: 283
		Ящик: 284
		Ящик: 285
		Ящик: 286
		Ящик: 287
		Ящик: 288
		Ящик: 289
		Ящик: 290
		Ящик: 291
		Ящик: 292
		Ящик: 293
		Ящик: 294
		Ящик: 295
		Ящик: 296
		Ящик: 297
	Контейнер: 12
		Ящик: 298
		Ящик: 299
		Ящик: 300
		Ящик: 301
		Ящик: 302
		Ящик: 303
		Ящик: 304
		Ящик: 305
		Ящик: 306
		Ящик: 307
		Ящик: 308
		Ящик: 309
		Ящик: 310
		Ящик: 311
		Ящик: 312
		Ящик: 313
		Ящик: 314
		Ящик: 315
		Ящик: 316
		Ящик: 317
		Ящик: 318
		Ящик: 319
		Ящик: 320
		Ящик: 321
		Ящик: 322
		Ящик: 323
		Ящик: 324
Грузовик: 2
	Контейнер: 13
		Ящик: 325
Необходимо:
грузовиков - 2 шт.
контейнеров - 13 шт.> but was: <Грузовик: 1
	Контейнер: 1
		Ящик: 1
		Ящик: 2
		Ящик: 3
		Ящик: 4
		Ящик: 5
		Ящик: 6
		Ящик: 7
		Ящик: 8
		Ящик: 9
		Ящик: 10
		Ящик: 11
		Ящик: 12
		Ящик: 13
		Ящик: 14
		Ящик: 15
		Ящик: 16
		Ящик: 17
		Ящик: 18
		Ящик: 19
		Ящик: 20
		Ящик: 21
		Ящик: 22
		Ящик: 23
		Ящик: 24
		Ящик: 25
		Ящик: 26
		Ящик: 27
	Контейнер: 2
		Ящик: 28
		Ящик: 29
		Ящик: 30
		Ящик: 31
		Ящик: 32
		Ящик: 33
		Ящик: 34
		Ящик: 35
		Ящик: 36
		Ящик: 37
		Ящик: 38
		Ящик: 39
		Ящик: 40
		Ящик: 41
		Ящик: 42
		Ящик: 43
		Ящик: 44
		Ящик: 45
		Ящик: 46
		Ящик: 47
		Ящик: 48
		Ящик: 49
		Ящик: 50
		Ящик: 51
		Ящик: 52
		Ящик: 53
		Ящик: 54
	Контейнер: 3
		Ящик: 55
		Ящик: 56
		Ящик: 57
		Ящик: 58
		Ящик: 59
		Ящик: 60
		Ящик: 61
		Ящик: 62
		Ящик: 63
		Ящик: 64
		Ящик: 65
		Ящик: 66
		Ящик: 67
		Ящик: 68
		Ящик: 69
		Ящик: 70
		Ящик: 71
		Ящик: 72
		Ящик: 73
		Ящик: 74
		Ящик: 75
		Ящик: 76
		Ящик: 77
		Ящик: 78
		Ящик: 79
		Ящик: 80
		Ящик: 81
	Контейнер: 4
		Ящик: 82
		Ящик: 83
		Ящик: 84
		Ящик: 85
		Ящик: 86
		Ящик: 87
		Ящик: 88
		Ящик: 89
		Ящик: 90
		Ящик: 91
		Ящик: 92
		Ящик: 93
		Ящик: 94
		Ящик: 95
		Ящик: 96
		Ящик: 97
		Ящик: 98
		Ящик: 99
		Ящик: 100
		Ящик: 101
		Ящик: 102
		Ящик: 103
		Ящик: 104
		Ящик: 105
		Ящик: 106
		Ящик: 107
		Ящик: 108
	Контейнер: 5
		Ящик: 109
		Ящик: 110
		Ящик: 111
		Ящик: 112
		Ящик: 113
		Ящик: 114
		Ящик: 115
		Ящик: 116
		Ящик: 117
		Ящик: 118
		Ящик: 119
		Ящик: 120
		Ящик: 121
		Ящик: 122
		Ящик: 123
		Ящик: 124
		Ящик: 125
		Ящик: 126
		Ящик: 127
		Ящик: 128
		Ящик: 129
		Ящик: 130
		Ящик: 131
		Ящик: 132
		Ящик: 133
		Ящик: 134
		Ящик: 135
	Контейнер: 6
		Ящик: 136
		Ящик: 137
		Ящик: 138
		Ящик: 139
		Ящик: 140
		Ящик: 141
		Ящик: 142
		Ящик: 143
		Ящик: 144
		Ящик: 145
		Ящик: 146
		Ящик: 147
		Ящик: 148
		Ящик: 149
		Ящик: 150
		Ящик: 151
		Ящик: 152
		Ящик: 153
		Ящик: 154
		Ящик: 155
		Ящик: 156
		Ящик: 157
		Ящик: 158
		Ящик: 159
		Ящик: 160
		Ящик: 161
		Ящик: 162
	Контейнер: 7
		Ящик: 163
		Ящик: 164
		Ящик: 165
		Ящик: 166
		Ящик: 167
		Ящик: 168
		Ящик: 169
		Ящик: 170
		Ящик: 171
		Ящик: 172
		Ящик: 173
		Ящик: 174
		Ящик: 175
		Ящик: 176
		Ящик: 177
		Ящик: 178
		Ящик: 179
		Ящик: 180
		Ящик: 181
		Ящик: 182
		Ящик: 183
		Ящик: 184
		Ящик: 185
		Ящик: 186
		Ящик: 187
		Ящик: 188
		Ящик: 189
	Контейнер: 8
		Ящик: 190
		Ящик: 191
		Ящик: 192
		Ящик: 193
		Ящик: 194
		Ящик: 195
		Ящик: 196
		Ящик: 197
		Ящик: 198
		Ящик: 199
		Ящик: 200
		Ящик: 201
		Ящик: 202
		Ящик: 203
		Ящик: 204
		Ящик: 205
		Ящик: 206
		Ящик: 207
		Ящик: 208
		Ящик: 209
		Ящик: 210
		Ящик: 211
		Ящик: 212
		Ящик: 213
		Ящик: 214
		Ящик: 215
		Ящик: 216
	Контейнер: 9
		Ящик: 217
		Ящик: 218
		Ящик: 219
		Ящик: 220
		Ящик: 221
		Ящик: 222
		Ящик: 223
		Ящик: 224
		Ящик: 225
		Ящик: 226
		Ящик: 227
		Ящик: 228
		Ящик: 229
		Ящик: 230
		Ящик: 231
		Ящик: 232
		Ящик: 233
		Ящик: 234
		Ящик: 235
		Ящик: 236
		Ящик: 237
		Ящик: 238
		Ящик: 239
		Ящик: 240
		Ящик: 241
		Ящик: 242
		Ящик: 243
	Контейнер: 10
		Ящик: 244
		Ящик: 245
		Ящик: 246
		Ящик: 247
		Ящик: 248
		Ящик: 249
		Ящик: 250
		Ящик: 251
		Ящик: 252
		Ящик: 253
		Ящик: 254
		Ящик: 255
		Ящик: 256
		Ящик: 257
		Ящик: 258
		Ящик: 259
		Ящик: 260
		Ящик: 261
		Ящик: 262
		Ящик: 263
		Ящик: 264
		Ящик: 265
		Ящик: 266
		Ящик: 267
		Ящик: 268
		Ящик: 269
		Ящик: 270
	Контейнер: 11
		Ящик: 271
		Ящик: 272
		Ящик: 273
		Ящик: 274
		Ящик: 275
		Ящик: 276
		Ящик: 277
		Ящик: 278
		Ящик: 279
		Ящик: 280
		Ящик: 281
		Ящик: 282
		Ящик: 283
		Ящик: 284
		Ящик: 285
		Ящик: 286
		Ящик: 287
		Ящик: 288
		Ящик: 289
		Ящик: 290
		Ящик: 291
		Ящик: 292
		Ящик: 293
		Ящик: 294
		Ящик: 295
		Ящик: 296
		Ящик: 297
	Контейнер: 12
		Ящик: 298
		Ящик: 299
		Ящик: 300
		Ящик: 301
		Ящик: 302
		Ящик: 303
		Ящик: 304
		Ящик: 305
		Ящик: 306
		Ящик: 307
		Ящик: 308
		Ящик: 309
		Ящик: 310
		Ящик: 311
		Ящик: 312
		Ящик: 313
		Ящик: 314
		Ящик: 315
		Ящик: 316
		Ящик: 317
		Ящик: 318
		Ящик: 319
		Ящик: 320
		Ящик: 321
		Ящик: 322
		Ящик: 323
		Ящик: 324
Грузовик: 2
	Контейнер: 13
		Ящик: 325
Необходимо:
грузовиков - 2 шт.
контейнеров - 13 шт.>
	at TestTrucksContainersAndBoxes.launchApplication(TestTrucksContainersAndBoxes.java:540)
	at TestTrucksContainersAndBoxes.launchApplication(TestTrucksContainersAndBoxes.java:545)
	at TestTrucksContainersAndBoxes.test325Boxes(TestTrucksContainersAndBoxes.java:181)
]]></failure>
  </testcase>
  <testcase name="testTwoBoxes" classname="TestTrucksContainersAndBoxes" time="0.001">
    <failure message="expected: &lt;Грузовик: 1&#10;	Контейнер: 1&#10;		Ящик: 1&#10;		Ящик: 2&#10;Необходимо:&#10;грузовиков - 1 шт.&#10;контейнеров - 1 шт.&gt; but was: &lt;Грузовик: 1&#10;	Контейнер: 1&#10;		Ящик: 1&#10;		Ящик: 2&#10;Необходимо:&#10;грузовиков - 1 шт.&#10;контейнеров - 1 шт.&gt;" type="org.opentest4j.AssertionFailedError"><![CDATA[org.opentest4j.AssertionFailedError: 
expected: <Грузовик: 1
	Контейнер: 1
		Ящик: 1
		Ящик: 2
Необходимо:
грузовиков - 1 шт.
контейнеров - 1 шт.> but was: <Грузовик: 1
	Контейнер: 1
		Ящик: 1
		Ящик: 2
Необходимо:
грузовиков - 1 шт.
контейнеров - 1 шт.>
	at TestTrucksContainersAndBoxes.launchApplication(TestTrucksContainersAndBoxes.java:540)
	at TestTrucksContainersAndBoxes.launchApplication(TestTrucksContainersAndBoxes.java:545)
	at TestTrucksContainersAndBoxes.testTwoBoxes(TestTrucksContainersAndBoxes.java:87)
]]></failure>
  </testcase>
  <testcase name="testZeroBox" classname="TestTrucksContainersAndBoxes" time="0.01">
    <failure message="expected: &lt;Необходимо:&#10;грузовиков - 0 шт.&#10;контейнеров - 0 шт.&gt; but was: &lt;Необходимо:&#10;грузовиков - 0 шт.&#10;контейнеров - 0 шт.&gt;" type="org.opentest4j.AssertionFailedError"><![CDATA[org.opentest4j.AssertionFailedError: 
expected: <Необходимо:
грузовиков - 0 шт.
контейнеров - 0 шт.> but was: <Необходимо:
грузовиков - 0 шт.
контейнеров - 0 шт.>
	at TestTrucksContainersAndBoxes.launchApplication(TestTrucksContainersAndBoxes.java:540)
	at TestTrucksContainersAndBoxes.launchApplication(TestTrucksContainersAndBoxes.java:545)
	at TestTrucksContainersAndBoxes.testZeroBox(TestTrucksContainersAndBoxes.java:76)
]]></failure>
  </testcase>
  <testcase name="test27Boxes" classname="TestTrucksContainersAndBoxes" time="0.016">
    <failure message="expected: &lt;Грузовик: 1&#10;	Контейнер: 1&#10;		Ящик: 1&#10;		Ящик: 2&#10;		Ящик: 3&#10;		Ящик: 4&#10;		Ящик: 5&#10;		Ящик: 6&#10;		Ящик: 7&#10;		Ящик: 8&#10;		Ящик: 9&#10;		Ящик: 10&#10;		Ящик: 11&#10;		Ящик: 12&#10;		Ящик: 13&#10;		Ящик: 14&#10;		Ящик: 15&#10;		Ящик: 16&#10;		Ящик: 17&#10;		Ящик: 18&#10;		Ящик: 19&#10;		Ящик: 20&#10;		Ящик: 21&#10;		Ящик: 22&#10;		Ящик: 23&#10;		Ящик: 24&#10;		Ящик: 25&#10;		Ящик: 26&#10;		Ящик: 27&#10;Необходимо:&#10;грузовиков - 1 шт.&#10;контейнеров - 1 шт.&gt; but was: &lt;Грузовик: 1&#10;	Контейнер: 1&#10;		Ящик: 1&#10;		Ящик: 2&#10;		Ящик: 3&#10;		Ящик: 4&#10;		Ящик: 5&#10;		Ящик: 6&#10;		Ящик: 7&#10;		Ящик: 8&#10;		Ящик: 9&#10;		Ящик: 10&#10;		Ящик: 11&#10;		Ящик: 12&#10;		Ящик: 13&#10;		Ящик: 14&#10;		Ящик: 15&#10;		Ящик: 16&#10;		Ящик: 17&#10;		Ящик: 18&#10;		Ящик: 19&#10;		Ящик: 20&#10;		Ящик: 21&#10;		Ящик: 22&#10;		Ящик: 23&#10;		Ящик: 24&#10;		Ящик: 25&#10;		Ящик: 26&#10;		Ящик: 27&#10;Необходимо:&#10;грузовиков - 1 шт.&#10;контейнеров - 1 шт.&gt;" type="org.opentest4j.AssertionFailedError"><![CDATA[org.opentest4j.AssertionFailedError: 
expected: <Грузовик: 1
	Контейнер: 1
		Ящик: 1
		Ящик: 2
		Ящик: 3
		Ящик: 4
		Ящик: 5
		Ящик: 6
		Ящик: 7
		Ящик: 8
		Ящик: 9
		Ящик: 10
		Ящик: 11
		Ящик: 12
		Ящик: 13
		Ящик: 14
		Ящик: 15
		Ящик: 16
		Ящик: 17
		Ящик: 18
		Ящик: 19
		Ящик: 20
		Ящик: 21
		Ящик: 22
		Ящик: 23
		Ящик: 24
		Ящик: 25
		Ящик: 26
		Ящик: 27
Необходимо:
грузовиков - 1 шт.
контейнеров - 1 шт.> but was: <Грузовик: 1
	Контейнер: 1
		Ящик: 1
		Ящик: 2
		Ящик: 3
		Ящик: 4
		Ящик: 5
		Ящик: 6
		Ящик: 7
		Ящик: 8
		Ящик: 9
		Ящик: 10
		Ящик: 11
		Ящик: 12
		Ящик: 13
		Ящик: 14
		Ящик: 15
		Ящик: 16
		Ящик: 17
		Ящик: 18
		Ящик: 19
		Ящик: 20
		Ящик: 21
		Ящик: 22
		Ящик: 23
		Ящик: 24
		Ящик: 25
		Ящик: 26
		Ящик: 27
Необходимо:
грузовиков - 1 шт.
контейнеров - 1 шт.>
	at TestTrucksContainersAndBoxes.launchApplication(TestTrucksContainersAndBoxes.java:540)
	at TestTrucksContainersAndBoxes.launchApplication(TestTrucksContainersAndBoxes.java:545)
	at TestTrucksContainersAndBoxes.test27Boxes(TestTrucksContainersAndBoxes.java:101)
]]></failure>
  </testcase>
  <testcase name="test28Boxes" classname="TestTrucksContainersAndBoxes" time="0.091">
    <failure message="expected: &lt;Грузовик: 1&#10;	Контейнер: 1&#10;		Ящик: 1&#10;		Ящик: 2&#10;		Ящик: 3&#10;		Ящик: 4&#10;		Ящик: 5&#10;		Ящик: 6&#10;		Ящик: 7&#10;		Ящик: 8&#10;		Ящик: 9&#10;		Ящик: 10&#10;		Ящик: 11&#10;		Ящик: 12&#10;		Ящик: 13&#10;		Ящик: 14&#10;		Ящик: 15&#10;		Ящик: 16&#10;		Ящик: 17&#10;		Ящик: 18&#10;		Ящик: 19&#10;		Ящик: 20&#10;		Ящик: 21&#10;		Ящик: 22&#10;		Ящик: 23&#10;		Ящик: 24&#10;		Ящик: 25&#10;		Ящик: 26&#10;		Ящик: 27&#10;	Контейнер: 2&#10;		Ящик: 28&#10;Необходимо:&#10;грузовиков - 1 шт.&#10;контейнеров - 2 шт.&gt; but was: &lt;Грузовик: 1&#10;	Контейнер: 1&#10;		Ящик: 1&#10;		Ящик: 2&#10;		Ящик: 3&#10;		Ящик: 4&#10;		Ящик: 5&#10;		Ящик: 6&#10;		Ящик: 7&#10;		Ящик: 8&#10;		Ящик: 9&#10;		Ящик: 10&#10;		Ящик: 11&#10;		Ящик: 12&#10;		Ящик: 13&#10;		Ящик: 14&#10;		Ящик: 15&#10;		Ящик: 16&#10;		Ящик: 17&#10;		Ящик: 18&#10;		Ящик: 19&#10;		Ящик: 20&#10;		Ящик: 21&#10;		Ящик: 22&#10;		Ящик: 23&#10;		Ящик: 24&#10;		Ящик: 25&#10;		Ящик: 26&#10;		Ящик: 27&#10;	Контейнер: 2&#10;		Ящик: 28&#10;Необходимо:&#10;грузовиков - 1 шт.&#10;контейнеров - 2 шт.&gt;" type="org.opentest4j.AssertionFailedError"><![CDATA[org.opentest4j.AssertionFailedError: 
expected: <Грузовик: 1
	Контейнер: 1
		Ящик: 1
		Ящик: 2
		Ящик: 3
		Ящик: 4
		Ящик: 5
		Ящик: 6
		Ящик: 7
		Ящик: 8
		Ящик: 9
		Ящик: 10
		Ящик: 11
		Ящик: 12
		Ящик: 13
		Ящик: 14
		Ящик: 15
		Ящик: 16
		Ящик: 17
		Ящик: 18
		Ящик: 19
		Ящик: 20
		Ящик: 21
		Ящик: 22
		Ящик: 23
		Ящик: 24
		Ящик: 25
		Ящик: 26
		Ящик: 27
	Контейнер: 2
		Ящик: 28
Необходимо:
грузовиков - 1 шт.
контейнеров - 2 шт.> but was: <Грузовик: 1
	Контейнер: 1
		Ящик: 1
		Ящик: 2
		Ящик: 3
		Ящик: 4
		Ящик: 5
		Ящик: 6
		Ящик: 7
		Ящик: 8
		Ящик: 9
		Ящик: 10
		Ящик: 11
		Ящик: 12
		Ящик: 13
		Ящик: 14
		Ящик: 15
		Ящик: 16
		Ящик: 17
		Ящик: 18
		Ящик: 19
		Ящик: 20
		Ящик: 21
		Ящик: 22
		Ящик: 23
		Ящик: 24
		Ящик: 25
		Ящик: 26
		Ящик: 27
	Контейнер: 2
		Ящик: 28
Необходимо:
грузовиков - 1 шт.
контейнеров - 2 шт.>
	at TestTrucksContainersAndBoxes.launchApplication(TestTrucksContainersAndBoxes.java:540)
	at TestTrucksContainersAndBoxes.launchApplication(TestTrucksContainersAndBoxes.java:545)
	at TestTrucksContainersAndBoxes.test28Boxes(TestTrucksContainersAndBoxes.java:140)
]]></failure>
  </testcase>
  <testcase name="testOneBox" classname="TestTrucksContainersAndBoxes" time="0.07">
    <failure message="expected: &lt;Грузовик: 1&#10;	Контейнер: 1&#10;		Ящик: 1&#10;Необходимо:&#10;грузовиков - 1 шт.&#10;контейнеров - 1 шт.&gt; but was: &lt;Грузовик: 1&#10;	Контейнер: 1&#10;		Ящик: 1&#10;Необходимо:&#10;грузовиков - 1 шт.&#10;контейнеров - 1 шт.&gt;" type="org.opentest4j.AssertionFailedError"><![CDATA[org.opentest4j.AssertionFailedError: 
expected: <Грузовик: 1
	Контейнер: 1
		Ящик: 1
Необходимо:
грузовиков - 1 шт.
контейнеров - 1 шт.> but was: <Грузовик: 1
	Контейнер: 1
		Ящик: 1
Необходимо:
грузовиков - 1 шт.
контейнеров - 1 шт.>
	at TestTrucksContainersAndBoxes.launchApplication(TestTrucksContainersAndBoxes.java:540)
	at TestTrucksContainersAndBoxes.launchApplication(TestTrucksContainersAndBoxes.java:545)
	at TestTrucksContainersAndBoxes.testOneBox(TestTrucksContainersAndBoxes.java:62)
]]></failure>
  </testcase>
</testsuite>